2018-02-07 14:49:12.698  INFO 12628 --- [main] com.almundo.prueba.Application           : Starting Application on c-dgelvez with PID 12628 (D:\Entornos\Repositorios\almundo.com\target\classes started by Dgelvez in D:\Entornos\Repositorios\almundo.com)
2018-02-07 14:49:12.704  INFO 12628 --- [main] com.almundo.prueba.Application           : No active profile set, falling back to default profiles: default
2018-02-07 14:49:12.758  INFO 12628 --- [main] ConfigServletWebServerApplicationContext : Refreshing org.springframework.boot.web.servlet.context.AnnotationConfigServletWebServerApplicationContext@3697186: startup date [Wed Feb 07 14:49:12 COT 2018]; root of context hierarchy
2018-02-07 14:49:14.043  INFO 12628 --- [main] f.a.AutowiredAnnotationBeanPostProcessor : JSR-330 'javax.inject.Inject' annotation found and supported for autowiring
2018-02-07 14:49:14.229  INFO 12628 --- [main] trationDelegate$BeanPostProcessorChecker : Bean 'org.springframework.ws.config.annotation.DelegatingWsConfiguration' of type [org.springframework.ws.config.annotation.DelegatingWsConfiguration$$EnhancerBySpringCGLIB$$6388f9c9] is not eligible for getting processed by all BeanPostProcessors (for example: not eligible for auto-proxying)
2018-02-07 14:49:14.311  INFO 12628 --- [main] .w.s.a.s.AnnotationActionEndpointMapping : Supporting [WS-Addressing August 2004, WS-Addressing 1.0]
2018-02-07 14:49:14.361  INFO 12628 --- [main] trationDelegate$BeanPostProcessorChecker : Bean 'org.springframework.transaction.annotation.ProxyTransactionManagementConfiguration' of type [org.springframework.transaction.annotation.ProxyTransactionManagementConfiguration$$EnhancerBySpringCGLIB$$bef134ca] is not eligible for getting processed by all BeanPostProcessors (for example: not eligible for auto-proxying)
2018-02-07 14:49:14.819  INFO 12628 --- [main] o.s.b.w.embedded.tomcat.TomcatWebServer  : Tomcat initialized with port(s): 8080 (http)
2018-02-07 14:49:14.833  INFO 12628 --- [main] o.apache.catalina.core.StandardService   : Starting service [Tomcat]
2018-02-07 14:49:14.835  INFO 12628 --- [main] org.apache.catalina.core.StandardEngine  : Starting Servlet Engine: Apache Tomcat/8.5.27
2018-02-07 14:49:14.854  INFO 12628 --- [localhost-startStop-1] o.a.catalina.core.AprLifecycleListener   : The APR based Apache Tomcat Native library which allows optimal performance in production environments was not found on the java.library.path: [C:\Program Files\Java\jre1.8.0_131\bin;C:\Windows\Sun\Java\bin;C:\Windows\system32;C:\Windows;C:/Program Files/Java/jre1.8.0_131/bin/server;C:/Program Files/Java/jre1.8.0_131/bin;C:/Program Files/Java/jre1.8.0_131/lib/amd64;C:\ProgramData\Oracle\Java\javapath;C:\Windows\system32;C:\Windows;C:\Windows\System32\Wbem;C:\Windows\System32\WindowsPowerShell\v1.0\;C:\Windows\system32\config\systemprofile\.dnx\bin;C:\Program Files\Microsoft DNX\Dnvm\;C:\Program Files\Microsoft SQL Server\130\Tools\Binn\;C:\Program Files\nodejs\;C:\Program Files\Git\cmd;C:\Program Files\TortoiseGit\bin;C:\Program Files\Java\jdk1.8.0_131\bin;C:\Users\dgelvez\AppData\Roaming\npm;D:\Eclipse\eclipse;;.]
2018-02-07 14:49:15.004  INFO 12628 --- [localhost-startStop-1] o.a.c.c.C.[.[localhost].[/Almundo]       : Initializing Spring embedded WebApplicationContext
2018-02-07 14:49:15.005  INFO 12628 --- [localhost-startStop-1] o.s.web.context.ContextLoader            : Root WebApplicationContext: initialization completed in 2247 ms
2018-02-07 14:49:15.241  INFO 12628 --- [localhost-startStop-1] o.s.b.w.servlet.ServletRegistrationBean  : Servlet dispatcherServlet mapped to [/]
2018-02-07 14:49:15.245  INFO 12628 --- [localhost-startStop-1] o.s.b.w.servlet.ServletRegistrationBean  : Servlet messageDispatcherServlet mapped to [/services/*]
2018-02-07 14:49:15.250  INFO 12628 --- [localhost-startStop-1] o.s.b.w.servlet.FilterRegistrationBean   : Mapping filter: 'characterEncodingFilter' to: [/*]
2018-02-07 14:49:15.251  INFO 12628 --- [localhost-startStop-1] o.s.b.w.servlet.FilterRegistrationBean   : Mapping filter: 'hiddenHttpMethodFilter' to: [/*]
2018-02-07 14:49:15.252  INFO 12628 --- [localhost-startStop-1] o.s.b.w.servlet.FilterRegistrationBean   : Mapping filter: 'httpPutFormContentFilter' to: [/*]
2018-02-07 14:49:15.252  INFO 12628 --- [localhost-startStop-1] o.s.b.w.servlet.FilterRegistrationBean   : Mapping filter: 'requestContextFilter' to: [/*]
2018-02-07 14:49:15.573  INFO 12628 --- [main] com.zaxxer.hikari.HikariDataSource       : HikariPool-1 - Starting...
2018-02-07 14:49:15.745  INFO 12628 --- [main] com.zaxxer.hikari.HikariDataSource       : HikariPool-1 - Start completed.
2018-02-07 14:49:15.860  INFO 12628 --- [main] j.LocalContainerEntityManagerFactoryBean : Building JPA container EntityManagerFactory for persistence unit 'default'
2018-02-07 14:49:15.885  INFO 12628 --- [main] o.hibernate.jpa.internal.util.LogHelper  : HHH000204: Processing PersistenceUnitInfo [
	name: default
	...]
2018-02-07 14:49:16.033  INFO 12628 --- [main] org.hibernate.Version                    : HHH000412: Hibernate Core {5.2.13.Final}
2018-02-07 14:49:16.036  INFO 12628 --- [main] org.hibernate.cfg.Environment            : HHH000206: hibernate.properties not found
2018-02-07 14:49:16.114  INFO 12628 --- [main] o.hibernate.annotations.common.Version   : HCANN000001: Hibernate Commons Annotations {5.0.1.Final}
2018-02-07 14:49:16.357  INFO 12628 --- [main] org.hibernate.dialect.Dialect            : HHH000400: Using dialect: org.hibernate.dialect.PostgreSQL95Dialect
2018-02-07 14:49:16.508  INFO 12628 --- [main] o.h.e.j.e.i.LobCreatorBuilderImpl        : HHH000424: Disabling contextual LOB creation as createClob() method threw error : java.lang.reflect.InvocationTargetException

java.lang.reflect.InvocationTargetException: null
	at sun.reflect.NativeMethodAccessorImpl.invoke0(Native Method) ~[na:1.8.0_131]
	at sun.reflect.NativeMethodAccessorImpl.invoke(Unknown Source) ~[na:1.8.0_131]
	at sun.reflect.DelegatingMethodAccessorImpl.invoke(Unknown Source) ~[na:1.8.0_131]
	at java.lang.reflect.Method.invoke(Unknown Source) ~[na:1.8.0_131]
	at org.hibernate.engine.jdbc.env.internal.LobCreatorBuilderImpl.useContextualLobCreation(LobCreatorBuilderImpl.java:113) [hibernate-core-5.2.13.Final.jar:5.2.13.Final]
	at org.hibernate.engine.jdbc.env.internal.LobCreatorBuilderImpl.makeLobCreatorBuilder(LobCreatorBuilderImpl.java:54) [hibernate-core-5.2.13.Final.jar:5.2.13.Final]
	at org.hibernate.engine.jdbc.env.internal.JdbcEnvironmentImpl.<init>(JdbcEnvironmentImpl.java:271) [hibernate-core-5.2.13.Final.jar:5.2.13.Final]
	at org.hibernate.engine.jdbc.env.internal.JdbcEnvironmentInitiator.initiateService(JdbcEnvironmentInitiator.java:114) [hibernate-core-5.2.13.Final.jar:5.2.13.Final]
	at org.hibernate.engine.jdbc.env.internal.JdbcEnvironmentInitiator.initiateService(JdbcEnvironmentInitiator.java:35) [hibernate-core-5.2.13.Final.jar:5.2.13.Final]
	at org.hibernate.boot.registry.internal.StandardServiceRegistryImpl.initiateService(StandardServiceRegistryImpl.java:88) [hibernate-core-5.2.13.Final.jar:5.2.13.Final]
	at org.hibernate.service.internal.AbstractServiceRegistryImpl.createService(AbstractServiceRegistryImpl.java:259) [hibernate-core-5.2.13.Final.jar:5.2.13.Final]
	at org.hibernate.service.internal.AbstractServiceRegistryImpl.initializeService(AbstractServiceRegistryImpl.java:233) [hibernate-core-5.2.13.Final.jar:5.2.13.Final]
	at org.hibernate.service.internal.AbstractServiceRegistryImpl.getService(AbstractServiceRegistryImpl.java:210) [hibernate-core-5.2.13.Final.jar:5.2.13.Final]
	at org.hibernate.engine.jdbc.internal.JdbcServicesImpl.configure(JdbcServicesImpl.java:51) [hibernate-core-5.2.13.Final.jar:5.2.13.Final]
	at org.hibernate.boot.registry.internal.StandardServiceRegistryImpl.configureService(StandardServiceRegistryImpl.java:94) [hibernate-core-5.2.13.Final.jar:5.2.13.Final]
	at org.hibernate.service.internal.AbstractServiceRegistryImpl.initializeService(AbstractServiceRegistryImpl.java:242) [hibernate-core-5.2.13.Final.jar:5.2.13.Final]
	at org.hibernate.service.internal.AbstractServiceRegistryImpl.getService(AbstractServiceRegistryImpl.java:210) [hibernate-core-5.2.13.Final.jar:5.2.13.Final]
	at org.hibernate.boot.model.process.spi.MetadataBuildingProcess.handleTypes(MetadataBuildingProcess.java:352) [hibernate-core-5.2.13.Final.jar:5.2.13.Final]
	at org.hibernate.boot.model.process.spi.MetadataBuildingProcess.complete(MetadataBuildingProcess.java:111) [hibernate-core-5.2.13.Final.jar:5.2.13.Final]
	at org.hibernate.jpa.boot.internal.EntityManagerFactoryBuilderImpl.metadata(EntityManagerFactoryBuilderImpl.java:861) [hibernate-core-5.2.13.Final.jar:5.2.13.Final]
	at org.hibernate.jpa.boot.internal.EntityManagerFactoryBuilderImpl.build(EntityManagerFactoryBuilderImpl.java:888) [hibernate-core-5.2.13.Final.jar:5.2.13.Final]
	at org.springframework.orm.jpa.vendor.SpringHibernateJpaPersistenceProvider.createContainerEntityManagerFactory(SpringHibernateJpaPersistenceProvider.java:57) [spring-orm-5.0.3.RELEASE.jar:5.0.3.RELEASE]
	at org.springframework.orm.jpa.LocalContainerEntityManagerFactoryBean.createNativeEntityManagerFactory(LocalContainerEntityManagerFactoryBean.java:365) [spring-orm-5.0.3.RELEASE.jar:5.0.3.RELEASE]
	at org.springframework.orm.jpa.AbstractEntityManagerFactoryBean.buildNativeEntityManagerFactory(AbstractEntityManagerFactoryBean.java:388) [spring-orm-5.0.3.RELEASE.jar:5.0.3.RELEASE]
	at org.springframework.orm.jpa.AbstractEntityManagerFactoryBean.afterPropertiesSet(AbstractEntityManagerFactoryBean.java:377) [spring-orm-5.0.3.RELEASE.jar:5.0.3.RELEASE]
	at org.springframework.orm.jpa.LocalContainerEntityManagerFactoryBean.afterPropertiesSet(LocalContainerEntityManagerFactoryBean.java:341) [spring-orm-5.0.3.RELEASE.jar:5.0.3.RELEASE]
	at org.springframework.beans.factory.support.AbstractAutowireCapableBeanFactory.invokeInitMethods(AbstractAutowireCapableBeanFactory.java:1769) [spring-beans-5.0.3.RELEASE.jar:5.0.3.RELEASE]
	at org.springframework.beans.factory.support.AbstractAutowireCapableBeanFactory.initializeBean(AbstractAutowireCapableBeanFactory.java:1706) [spring-beans-5.0.3.RELEASE.jar:5.0.3.RELEASE]
	at org.springframework.beans.factory.support.AbstractAutowireCapableBeanFactory.doCreateBean(AbstractAutowireCapableBeanFactory.java:583) [spring-beans-5.0.3.RELEASE.jar:5.0.3.RELEASE]
	at org.springframework.beans.factory.support.AbstractAutowireCapableBeanFactory.createBean(AbstractAutowireCapableBeanFactory.java:502) [spring-beans-5.0.3.RELEASE.jar:5.0.3.RELEASE]
	at org.springframework.beans.factory.support.AbstractBeanFactory.lambda$doGetBean$0(AbstractBeanFactory.java:312) [spring-beans-5.0.3.RELEASE.jar:5.0.3.RELEASE]
	at org.springframework.beans.factory.support.DefaultSingletonBeanRegistry.getSingleton(DefaultSingletonBeanRegistry.java:228) ~[spring-beans-5.0.3.RELEASE.jar:5.0.3.RELEASE]
	at org.springframework.beans.factory.support.AbstractBeanFactory.doGetBean(AbstractBeanFactory.java:310) [spring-beans-5.0.3.RELEASE.jar:5.0.3.RELEASE]
	at org.springframework.beans.factory.support.AbstractBeanFactory.getBean(AbstractBeanFactory.java:200) [spring-beans-5.0.3.RELEASE.jar:5.0.3.RELEASE]
	at org.springframework.context.support.AbstractApplicationContext.getBean(AbstractApplicationContext.java:1085) ~[spring-context-5.0.3.RELEASE.jar:5.0.3.RELEASE]
	at org.springframework.context.support.AbstractApplicationContext.finishBeanFactoryInitialization(AbstractApplicationContext.java:858) ~[spring-context-5.0.3.RELEASE.jar:5.0.3.RELEASE]
	at org.springframework.context.support.AbstractApplicationContext.refresh(AbstractApplicationContext.java:549) ~[spring-context-5.0.3.RELEASE.jar:5.0.3.RELEASE]
	at org.springframework.boot.web.servlet.context.ServletWebServerApplicationContext.refresh(ServletWebServerApplicationContext.java:140) ~[spring-boot-2.0.0.BUILD-SNAPSHOT.jar:2.0.0.BUILD-SNAPSHOT]
	at org.springframework.boot.SpringApplication.refresh(SpringApplication.java:752) ~[spring-boot-2.0.0.BUILD-SNAPSHOT.jar:2.0.0.BUILD-SNAPSHOT]
	at org.springframework.boot.SpringApplication.refreshContext(SpringApplication.java:388) ~[spring-boot-2.0.0.BUILD-SNAPSHOT.jar:2.0.0.BUILD-SNAPSHOT]
	at org.springframework.boot.SpringApplication.run(SpringApplication.java:327) ~[spring-boot-2.0.0.BUILD-SNAPSHOT.jar:2.0.0.BUILD-SNAPSHOT]
	at org.springframework.boot.SpringApplication.run(SpringApplication.java:1246) ~[spring-boot-2.0.0.BUILD-SNAPSHOT.jar:2.0.0.BUILD-SNAPSHOT]
	at org.springframework.boot.SpringApplication.run(SpringApplication.java:1234) ~[spring-boot-2.0.0.BUILD-SNAPSHOT.jar:2.0.0.BUILD-SNAPSHOT]
	at com.almundo.prueba.Application.main(Application.java:10) ~[classes/:na]
Caused by: java.sql.SQLFeatureNotSupportedException: Method org.postgresql.jdbc.PgConnection.createClob() is not yet implemented.
	at org.postgresql.Driver.notImplemented(Driver.java:683) ~[postgresql-42.2.1.jar:42.2.1]
	at org.postgresql.jdbc.PgConnection.createClob(PgConnection.java:1252) ~[postgresql-42.2.1.jar:42.2.1]
	... 44 common frames omitted

2018-02-07 14:49:16.511  INFO 12628 --- [main] org.hibernate.type.BasicTypeRegistry     : HHH000270: Type registration [java.util.UUID] overrides previous : org.hibernate.type.UUIDBinaryType@113ee1ce
2018-02-07 14:49:17.622 DEBUG 12628 --- [main] org.hibernate.SQL                        : 
    
    alter table if exists public.empleado 
       add column disponible boolean
2018-02-07 14:49:17.907  INFO 12628 --- [main] o.h.h.i.QueryTranslatorFactoryInitiator  : HHH000397: Using ASTQueryTranslatorFactory
2018-02-07 14:49:18.023  INFO 12628 --- [main] j.LocalContainerEntityManagerFactoryBean : Initialized JPA EntityManagerFactory for persistence unit 'default'
2018-02-07 14:49:19.362  INFO 12628 --- [main] s.w.s.m.m.a.RequestMappingHandlerAdapter : Looking for @ControllerAdvice: org.springframework.boot.web.servlet.context.AnnotationConfigServletWebServerApplicationContext@3697186: startup date [Wed Feb 07 14:49:12 COT 2018]; root of context hierarchy
2018-02-07 14:49:19.440  WARN 12628 --- [main] aWebConfiguration$JpaWebMvcConfiguration : spring.jpa.open-in-view is enabled by default. Therefore, database queries may be performed during view rendering. Explicitly configure spring.jpa.open-in-view to disable this warning
2018-02-07 14:49:19.503  INFO 12628 --- [main] s.w.s.m.m.a.RequestMappingHandlerMapping : Mapped "{[/api/llamadas/responderLlamadas],methods=[GET]}" onto public void com.almundo.prueba.controller.LlamadasController.responderLlamada(java.lang.Long)
2018-02-07 14:49:19.509  INFO 12628 --- [main] s.w.s.m.m.a.RequestMappingHandlerMapping : Mapped "{[/error]}" onto public org.springframework.http.ResponseEntity<java.util.Map<java.lang.String, java.lang.Object>> org.springframework.boot.autoconfigure.web.servlet.error.BasicErrorController.error(javax.servlet.http.HttpServletRequest)
2018-02-07 14:49:19.510  INFO 12628 --- [main] s.w.s.m.m.a.RequestMappingHandlerMapping : Mapped "{[/error],produces=[text/html]}" onto public org.springframework.web.servlet.ModelAndView org.springframework.boot.autoconfigure.web.servlet.error.BasicErrorController.errorHtml(javax.servlet.http.HttpServletRequest,javax.servlet.http.HttpServletResponse)
2018-02-07 14:49:19.590  INFO 12628 --- [main] o.s.w.s.handler.SimpleUrlHandlerMapping  : Mapped URL path [/webjars/**] onto handler of type [class org.springframework.web.servlet.resource.ResourceHttpRequestHandler]
2018-02-07 14:49:19.590  INFO 12628 --- [main] o.s.w.s.handler.SimpleUrlHandlerMapping  : Mapped URL path [/**] onto handler of type [class org.springframework.web.servlet.resource.ResourceHttpRequestHandler]
2018-02-07 14:49:19.689  INFO 12628 --- [main] o.s.w.s.handler.SimpleUrlHandlerMapping  : Mapped URL path [/**/favicon.ico] onto handler of type [class org.springframework.web.servlet.resource.ResourceHttpRequestHandler]
2018-02-07 14:49:20.295  INFO 12628 --- [main] o.s.j.e.a.AnnotationMBeanExporter        : Registering beans for JMX exposure on startup
2018-02-07 14:49:20.297  INFO 12628 --- [main] o.s.j.e.a.AnnotationMBeanExporter        : Bean with name 'dataSource' has been autodetected for JMX exposure
2018-02-07 14:49:20.304  INFO 12628 --- [main] o.s.j.e.a.AnnotationMBeanExporter        : Located MBean 'dataSource': registering with JMX server as MBean [com.zaxxer.hikari:name=dataSource,type=HikariDataSource]
2018-02-07 14:49:20.391  INFO 12628 --- [main] o.s.b.w.embedded.tomcat.TomcatWebServer  : Tomcat started on port(s): 8080 (http) with context path '/Almundo'
2018-02-07 14:49:20.394  INFO 12628 --- [main] com.almundo.prueba.Application           : Started Application in 8.133 seconds (JVM running for 8.915)
2018-02-07 14:49:48.314  INFO 12628 --- [http-nio-8080-exec-1] o.a.c.c.C.[.[localhost].[/Almundo]       : Initializing Spring FrameworkServlet 'dispatcherServlet'
2018-02-07 14:49:48.315  INFO 12628 --- [http-nio-8080-exec-1] o.s.web.servlet.DispatcherServlet        : FrameworkServlet 'dispatcherServlet': initialization started
2018-02-07 14:49:48.342  INFO 12628 --- [http-nio-8080-exec-1] o.s.web.servlet.DispatcherServlet        : FrameworkServlet 'dispatcherServlet': initialization completed in 27 ms
2018-02-07 14:49:51.680 DEBUG 12628 --- [http-nio-8080-exec-1] org.hibernate.SQL                        : 
    select
        count(empleado0_.id) as col_0_0_ 
    from
        empleado empleado0_
2018-02-07 14:50:05.112 DEBUG 12628 --- [pool-3-thread-1] org.hibernate.SQL                        : 
    select
        empleado0_.id as id1_0_,
        empleado0_.apellidos as apellido2_0_,
        empleado0_.disponible as disponib3_0_,
        empleado0_.nombres as nombres4_0_,
        empleado0_.id_tipo_empleado as id_tipo_5_0_ 
    from
        empleado empleado0_ 
    where
        empleado0_.disponible=true 
        and empleado0_.id_tipo_empleado=1
2018-02-07 15:00:16.067 DEBUG 12628 --- [http-nio-8080-exec-4] org.hibernate.SQL                        : 
    select
        count(empleado0_.id) as col_0_0_ 
    from
        empleado empleado0_
2018-02-07 15:00:47.046  INFO 10884 --- [main] com.almundo.prueba.Application           : Starting Application on c-dgelvez with PID 10884 (D:\Entornos\Repositorios\almundo.com\target\classes started by Dgelvez in D:\Entornos\Repositorios\almundo.com)
2018-02-07 15:00:47.051  INFO 10884 --- [main] com.almundo.prueba.Application           : No active profile set, falling back to default profiles: default
2018-02-07 15:00:47.111  INFO 10884 --- [main] ConfigServletWebServerApplicationContext : Refreshing org.springframework.boot.web.servlet.context.AnnotationConfigServletWebServerApplicationContext@3116c353: startup date [Wed Feb 07 15:00:47 COT 2018]; root of context hierarchy
2018-02-07 15:00:48.348  INFO 10884 --- [main] f.a.AutowiredAnnotationBeanPostProcessor : JSR-330 'javax.inject.Inject' annotation found and supported for autowiring
2018-02-07 15:00:48.510  INFO 10884 --- [main] trationDelegate$BeanPostProcessorChecker : Bean 'org.springframework.ws.config.annotation.DelegatingWsConfiguration' of type [org.springframework.ws.config.annotation.DelegatingWsConfiguration$$EnhancerBySpringCGLIB$$10e32b21] is not eligible for getting processed by all BeanPostProcessors (for example: not eligible for auto-proxying)
2018-02-07 15:00:48.577  INFO 10884 --- [main] .w.s.a.s.AnnotationActionEndpointMapping : Supporting [WS-Addressing August 2004, WS-Addressing 1.0]
2018-02-07 15:00:48.633  INFO 10884 --- [main] trationDelegate$BeanPostProcessorChecker : Bean 'org.springframework.transaction.annotation.ProxyTransactionManagementConfiguration' of type [org.springframework.transaction.annotation.ProxyTransactionManagementConfiguration$$EnhancerBySpringCGLIB$$6c4b6622] is not eligible for getting processed by all BeanPostProcessors (for example: not eligible for auto-proxying)
2018-02-07 15:00:49.138  INFO 10884 --- [main] o.s.b.w.embedded.tomcat.TomcatWebServer  : Tomcat initialized with port(s): 8080 (http)
2018-02-07 15:00:49.151  INFO 10884 --- [main] o.apache.catalina.core.StandardService   : Starting service [Tomcat]
2018-02-07 15:00:49.153  INFO 10884 --- [main] org.apache.catalina.core.StandardEngine  : Starting Servlet Engine: Apache Tomcat/8.5.27
2018-02-07 15:00:49.172  INFO 10884 --- [localhost-startStop-1] o.a.catalina.core.AprLifecycleListener   : The APR based Apache Tomcat Native library which allows optimal performance in production environments was not found on the java.library.path: [C:\Program Files\Java\jre1.8.0_131\bin;C:\Windows\Sun\Java\bin;C:\Windows\system32;C:\Windows;C:/Program Files/Java/jre1.8.0_131/bin/server;C:/Program Files/Java/jre1.8.0_131/bin;C:/Program Files/Java/jre1.8.0_131/lib/amd64;C:\ProgramData\Oracle\Java\javapath;C:\Windows\system32;C:\Windows;C:\Windows\System32\Wbem;C:\Windows\System32\WindowsPowerShell\v1.0\;C:\Windows\system32\config\systemprofile\.dnx\bin;C:\Program Files\Microsoft DNX\Dnvm\;C:\Program Files\Microsoft SQL Server\130\Tools\Binn\;C:\Program Files\nodejs\;C:\Program Files\Git\cmd;C:\Program Files\TortoiseGit\bin;C:\Program Files\Java\jdk1.8.0_131\bin;C:\Users\dgelvez\AppData\Roaming\npm;D:\Eclipse\eclipse;;.]
2018-02-07 15:00:49.289  INFO 10884 --- [localhost-startStop-1] o.a.c.c.C.[.[localhost].[/Almundo]       : Initializing Spring embedded WebApplicationContext
2018-02-07 15:00:49.289  INFO 10884 --- [localhost-startStop-1] o.s.web.context.ContextLoader            : Root WebApplicationContext: initialization completed in 2178 ms
2018-02-07 15:00:49.541  INFO 10884 --- [localhost-startStop-1] o.s.b.w.servlet.ServletRegistrationBean  : Servlet dispatcherServlet mapped to [/]
2018-02-07 15:00:49.542  INFO 10884 --- [localhost-startStop-1] o.s.b.w.servlet.ServletRegistrationBean  : Servlet messageDispatcherServlet mapped to [/services/*]
2018-02-07 15:00:49.547  INFO 10884 --- [localhost-startStop-1] o.s.b.w.servlet.FilterRegistrationBean   : Mapping filter: 'characterEncodingFilter' to: [/*]
2018-02-07 15:00:49.548  INFO 10884 --- [localhost-startStop-1] o.s.b.w.servlet.FilterRegistrationBean   : Mapping filter: 'hiddenHttpMethodFilter' to: [/*]
2018-02-07 15:00:49.549  INFO 10884 --- [localhost-startStop-1] o.s.b.w.servlet.FilterRegistrationBean   : Mapping filter: 'httpPutFormContentFilter' to: [/*]
2018-02-07 15:00:49.549  INFO 10884 --- [localhost-startStop-1] o.s.b.w.servlet.FilterRegistrationBean   : Mapping filter: 'requestContextFilter' to: [/*]
2018-02-07 15:00:49.872  INFO 10884 --- [main] com.zaxxer.hikari.HikariDataSource       : HikariPool-1 - Starting...
2018-02-07 15:00:50.046  INFO 10884 --- [main] com.zaxxer.hikari.HikariDataSource       : HikariPool-1 - Start completed.
2018-02-07 15:00:50.163  INFO 10884 --- [main] j.LocalContainerEntityManagerFactoryBean : Building JPA container EntityManagerFactory for persistence unit 'default'
2018-02-07 15:00:50.194  INFO 10884 --- [main] o.hibernate.jpa.internal.util.LogHelper  : HHH000204: Processing PersistenceUnitInfo [
	name: default
	...]
2018-02-07 15:00:50.336  INFO 10884 --- [main] org.hibernate.Version                    : HHH000412: Hibernate Core {5.2.13.Final}
2018-02-07 15:00:50.340  INFO 10884 --- [main] org.hibernate.cfg.Environment            : HHH000206: hibernate.properties not found
2018-02-07 15:00:50.427  INFO 10884 --- [main] o.hibernate.annotations.common.Version   : HCANN000001: Hibernate Commons Annotations {5.0.1.Final}
2018-02-07 15:00:50.670  INFO 10884 --- [main] org.hibernate.dialect.Dialect            : HHH000400: Using dialect: org.hibernate.dialect.PostgreSQL95Dialect
2018-02-07 15:00:50.817  INFO 10884 --- [main] o.h.e.j.e.i.LobCreatorBuilderImpl        : HHH000424: Disabling contextual LOB creation as createClob() method threw error : java.lang.reflect.InvocationTargetException

java.lang.reflect.InvocationTargetException: null
	at sun.reflect.NativeMethodAccessorImpl.invoke0(Native Method) ~[na:1.8.0_131]
	at sun.reflect.NativeMethodAccessorImpl.invoke(Unknown Source) ~[na:1.8.0_131]
	at sun.reflect.DelegatingMethodAccessorImpl.invoke(Unknown Source) ~[na:1.8.0_131]
	at java.lang.reflect.Method.invoke(Unknown Source) ~[na:1.8.0_131]
	at org.hibernate.engine.jdbc.env.internal.LobCreatorBuilderImpl.useContextualLobCreation(LobCreatorBuilderImpl.java:113) [hibernate-core-5.2.13.Final.jar:5.2.13.Final]
	at org.hibernate.engine.jdbc.env.internal.LobCreatorBuilderImpl.makeLobCreatorBuilder(LobCreatorBuilderImpl.java:54) [hibernate-core-5.2.13.Final.jar:5.2.13.Final]
	at org.hibernate.engine.jdbc.env.internal.JdbcEnvironmentImpl.<init>(JdbcEnvironmentImpl.java:271) [hibernate-core-5.2.13.Final.jar:5.2.13.Final]
	at org.hibernate.engine.jdbc.env.internal.JdbcEnvironmentInitiator.initiateService(JdbcEnvironmentInitiator.java:114) [hibernate-core-5.2.13.Final.jar:5.2.13.Final]
	at org.hibernate.engine.jdbc.env.internal.JdbcEnvironmentInitiator.initiateService(JdbcEnvironmentInitiator.java:35) [hibernate-core-5.2.13.Final.jar:5.2.13.Final]
	at org.hibernate.boot.registry.internal.StandardServiceRegistryImpl.initiateService(StandardServiceRegistryImpl.java:88) [hibernate-core-5.2.13.Final.jar:5.2.13.Final]
	at org.hibernate.service.internal.AbstractServiceRegistryImpl.createService(AbstractServiceRegistryImpl.java:259) [hibernate-core-5.2.13.Final.jar:5.2.13.Final]
	at org.hibernate.service.internal.AbstractServiceRegistryImpl.initializeService(AbstractServiceRegistryImpl.java:233) [hibernate-core-5.2.13.Final.jar:5.2.13.Final]
	at org.hibernate.service.internal.AbstractServiceRegistryImpl.getService(AbstractServiceRegistryImpl.java:210) [hibernate-core-5.2.13.Final.jar:5.2.13.Final]
	at org.hibernate.engine.jdbc.internal.JdbcServicesImpl.configure(JdbcServicesImpl.java:51) [hibernate-core-5.2.13.Final.jar:5.2.13.Final]
	at org.hibernate.boot.registry.internal.StandardServiceRegistryImpl.configureService(StandardServiceRegistryImpl.java:94) [hibernate-core-5.2.13.Final.jar:5.2.13.Final]
	at org.hibernate.service.internal.AbstractServiceRegistryImpl.initializeService(AbstractServiceRegistryImpl.java:242) [hibernate-core-5.2.13.Final.jar:5.2.13.Final]
	at org.hibernate.service.internal.AbstractServiceRegistryImpl.getService(AbstractServiceRegistryImpl.java:210) [hibernate-core-5.2.13.Final.jar:5.2.13.Final]
	at org.hibernate.boot.model.process.spi.MetadataBuildingProcess.handleTypes(MetadataBuildingProcess.java:352) [hibernate-core-5.2.13.Final.jar:5.2.13.Final]
	at org.hibernate.boot.model.process.spi.MetadataBuildingProcess.complete(MetadataBuildingProcess.java:111) [hibernate-core-5.2.13.Final.jar:5.2.13.Final]
	at org.hibernate.jpa.boot.internal.EntityManagerFactoryBuilderImpl.metadata(EntityManagerFactoryBuilderImpl.java:861) [hibernate-core-5.2.13.Final.jar:5.2.13.Final]
	at org.hibernate.jpa.boot.internal.EntityManagerFactoryBuilderImpl.build(EntityManagerFactoryBuilderImpl.java:888) [hibernate-core-5.2.13.Final.jar:5.2.13.Final]
	at org.springframework.orm.jpa.vendor.SpringHibernateJpaPersistenceProvider.createContainerEntityManagerFactory(SpringHibernateJpaPersistenceProvider.java:57) [spring-orm-5.0.3.RELEASE.jar:5.0.3.RELEASE]
	at org.springframework.orm.jpa.LocalContainerEntityManagerFactoryBean.createNativeEntityManagerFactory(LocalContainerEntityManagerFactoryBean.java:365) [spring-orm-5.0.3.RELEASE.jar:5.0.3.RELEASE]
	at org.springframework.orm.jpa.AbstractEntityManagerFactoryBean.buildNativeEntityManagerFactory(AbstractEntityManagerFactoryBean.java:388) [spring-orm-5.0.3.RELEASE.jar:5.0.3.RELEASE]
	at org.springframework.orm.jpa.AbstractEntityManagerFactoryBean.afterPropertiesSet(AbstractEntityManagerFactoryBean.java:377) [spring-orm-5.0.3.RELEASE.jar:5.0.3.RELEASE]
	at org.springframework.orm.jpa.LocalContainerEntityManagerFactoryBean.afterPropertiesSet(LocalContainerEntityManagerFactoryBean.java:341) [spring-orm-5.0.3.RELEASE.jar:5.0.3.RELEASE]
	at org.springframework.beans.factory.support.AbstractAutowireCapableBeanFactory.invokeInitMethods(AbstractAutowireCapableBeanFactory.java:1769) [spring-beans-5.0.3.RELEASE.jar:5.0.3.RELEASE]
	at org.springframework.beans.factory.support.AbstractAutowireCapableBeanFactory.initializeBean(AbstractAutowireCapableBeanFactory.java:1706) [spring-beans-5.0.3.RELEASE.jar:5.0.3.RELEASE]
	at org.springframework.beans.factory.support.AbstractAutowireCapableBeanFactory.doCreateBean(AbstractAutowireCapableBeanFactory.java:583) [spring-beans-5.0.3.RELEASE.jar:5.0.3.RELEASE]
	at org.springframework.beans.factory.support.AbstractAutowireCapableBeanFactory.createBean(AbstractAutowireCapableBeanFactory.java:502) [spring-beans-5.0.3.RELEASE.jar:5.0.3.RELEASE]
	at org.springframework.beans.factory.support.AbstractBeanFactory.lambda$doGetBean$0(AbstractBeanFactory.java:312) [spring-beans-5.0.3.RELEASE.jar:5.0.3.RELEASE]
	at org.springframework.beans.factory.support.DefaultSingletonBeanRegistry.getSingleton(DefaultSingletonBeanRegistry.java:228) ~[spring-beans-5.0.3.RELEASE.jar:5.0.3.RELEASE]
	at org.springframework.beans.factory.support.AbstractBeanFactory.doGetBean(AbstractBeanFactory.java:310) [spring-beans-5.0.3.RELEASE.jar:5.0.3.RELEASE]
	at org.springframework.beans.factory.support.AbstractBeanFactory.getBean(AbstractBeanFactory.java:200) [spring-beans-5.0.3.RELEASE.jar:5.0.3.RELEASE]
	at org.springframework.context.support.AbstractApplicationContext.getBean(AbstractApplicationContext.java:1085) ~[spring-context-5.0.3.RELEASE.jar:5.0.3.RELEASE]
	at org.springframework.context.support.AbstractApplicationContext.finishBeanFactoryInitialization(AbstractApplicationContext.java:858) ~[spring-context-5.0.3.RELEASE.jar:5.0.3.RELEASE]
	at org.springframework.context.support.AbstractApplicationContext.refresh(AbstractApplicationContext.java:549) ~[spring-context-5.0.3.RELEASE.jar:5.0.3.RELEASE]
	at org.springframework.boot.web.servlet.context.ServletWebServerApplicationContext.refresh(ServletWebServerApplicationContext.java:140) ~[spring-boot-2.0.0.BUILD-SNAPSHOT.jar:2.0.0.BUILD-SNAPSHOT]
	at org.springframework.boot.SpringApplication.refresh(SpringApplication.java:752) ~[spring-boot-2.0.0.BUILD-SNAPSHOT.jar:2.0.0.BUILD-SNAPSHOT]
	at org.springframework.boot.SpringApplication.refreshContext(SpringApplication.java:388) ~[spring-boot-2.0.0.BUILD-SNAPSHOT.jar:2.0.0.BUILD-SNAPSHOT]
	at org.springframework.boot.SpringApplication.run(SpringApplication.java:327) ~[spring-boot-2.0.0.BUILD-SNAPSHOT.jar:2.0.0.BUILD-SNAPSHOT]
	at org.springframework.boot.SpringApplication.run(SpringApplication.java:1246) ~[spring-boot-2.0.0.BUILD-SNAPSHOT.jar:2.0.0.BUILD-SNAPSHOT]
	at org.springframework.boot.SpringApplication.run(SpringApplication.java:1234) ~[spring-boot-2.0.0.BUILD-SNAPSHOT.jar:2.0.0.BUILD-SNAPSHOT]
	at com.almundo.prueba.Application.main(Application.java:10) ~[classes/:na]
Caused by: java.sql.SQLFeatureNotSupportedException: Method org.postgresql.jdbc.PgConnection.createClob() is not yet implemented.
	at org.postgresql.Driver.notImplemented(Driver.java:683) ~[postgresql-42.2.1.jar:42.2.1]
	at org.postgresql.jdbc.PgConnection.createClob(PgConnection.java:1252) ~[postgresql-42.2.1.jar:42.2.1]
	... 44 common frames omitted

2018-02-07 15:00:50.821  INFO 10884 --- [main] org.hibernate.type.BasicTypeRegistry     : HHH000270: Type registration [java.util.UUID] overrides previous : org.hibernate.type.UUIDBinaryType@19dc0d32
2018-02-07 15:00:51.638  INFO 10884 --- [main] o.h.h.i.QueryTranslatorFactoryInitiator  : HHH000397: Using ASTQueryTranslatorFactory
2018-02-07 15:00:51.749  INFO 10884 --- [main] j.LocalContainerEntityManagerFactoryBean : Initialized JPA EntityManagerFactory for persistence unit 'default'
2018-02-07 15:00:53.065  INFO 10884 --- [main] s.w.s.m.m.a.RequestMappingHandlerAdapter : Looking for @ControllerAdvice: org.springframework.boot.web.servlet.context.AnnotationConfigServletWebServerApplicationContext@3116c353: startup date [Wed Feb 07 15:00:47 COT 2018]; root of context hierarchy
2018-02-07 15:00:53.143  WARN 10884 --- [main] aWebConfiguration$JpaWebMvcConfiguration : spring.jpa.open-in-view is enabled by default. Therefore, database queries may be performed during view rendering. Explicitly configure spring.jpa.open-in-view to disable this warning
2018-02-07 15:00:53.206  INFO 10884 --- [main] s.w.s.m.m.a.RequestMappingHandlerMapping : Mapped "{[/api/llamadas/responderLlamadas],methods=[GET]}" onto public void com.almundo.prueba.controller.LlamadasController.responderLlamada(java.lang.Long)
2018-02-07 15:00:53.212  INFO 10884 --- [main] s.w.s.m.m.a.RequestMappingHandlerMapping : Mapped "{[/error]}" onto public org.springframework.http.ResponseEntity<java.util.Map<java.lang.String, java.lang.Object>> org.springframework.boot.autoconfigure.web.servlet.error.BasicErrorController.error(javax.servlet.http.HttpServletRequest)
2018-02-07 15:00:53.213  INFO 10884 --- [main] s.w.s.m.m.a.RequestMappingHandlerMapping : Mapped "{[/error],produces=[text/html]}" onto public org.springframework.web.servlet.ModelAndView org.springframework.boot.autoconfigure.web.servlet.error.BasicErrorController.errorHtml(javax.servlet.http.HttpServletRequest,javax.servlet.http.HttpServletResponse)
2018-02-07 15:00:53.297  INFO 10884 --- [main] o.s.w.s.handler.SimpleUrlHandlerMapping  : Mapped URL path [/webjars/**] onto handler of type [class org.springframework.web.servlet.resource.ResourceHttpRequestHandler]
2018-02-07 15:00:53.298  INFO 10884 --- [main] o.s.w.s.handler.SimpleUrlHandlerMapping  : Mapped URL path [/**] onto handler of type [class org.springframework.web.servlet.resource.ResourceHttpRequestHandler]
2018-02-07 15:00:53.390  INFO 10884 --- [main] o.s.w.s.handler.SimpleUrlHandlerMapping  : Mapped URL path [/**/favicon.ico] onto handler of type [class org.springframework.web.servlet.resource.ResourceHttpRequestHandler]
2018-02-07 15:00:53.961  INFO 10884 --- [main] o.s.j.e.a.AnnotationMBeanExporter        : Registering beans for JMX exposure on startup
2018-02-07 15:00:53.963  INFO 10884 --- [main] o.s.j.e.a.AnnotationMBeanExporter        : Bean with name 'dataSource' has been autodetected for JMX exposure
2018-02-07 15:00:53.970  INFO 10884 --- [main] o.s.j.e.a.AnnotationMBeanExporter        : Located MBean 'dataSource': registering with JMX server as MBean [com.zaxxer.hikari:name=dataSource,type=HikariDataSource]
2018-02-07 15:00:54.056  INFO 10884 --- [main] o.s.b.w.embedded.tomcat.TomcatWebServer  : Tomcat started on port(s): 8080 (http) with context path '/Almundo'
2018-02-07 15:00:54.058  INFO 10884 --- [main] com.almundo.prueba.Application           : Started Application in 7.429 seconds (JVM running for 8.219)
2018-02-07 15:00:59.141  INFO 10884 --- [http-nio-8080-exec-1] o.a.c.c.C.[.[localhost].[/Almundo]       : Initializing Spring FrameworkServlet 'dispatcherServlet'
2018-02-07 15:00:59.142  INFO 10884 --- [http-nio-8080-exec-1] o.s.web.servlet.DispatcherServlet        : FrameworkServlet 'dispatcherServlet': initialization started
2018-02-07 15:00:59.176  INFO 10884 --- [http-nio-8080-exec-1] o.s.web.servlet.DispatcherServlet        : FrameworkServlet 'dispatcherServlet': initialization completed in 34 ms
2018-02-07 15:01:02.171 DEBUG 10884 --- [http-nio-8080-exec-1] org.hibernate.SQL                        : 
    select
        count(empleado0_.id) as col_0_0_ 
    from
        empleado empleado0_
2018-02-07 15:01:08.888 DEBUG 10884 --- [pool-3-thread-1] org.hibernate.SQL                        : 
    select
        empleado0_.id as id1_0_,
        empleado0_.apellidos as apellido2_0_,
        empleado0_.disponible as disponib3_0_,
        empleado0_.nombres as nombres4_0_,
        empleado0_.id_tipo_empleado as id_tipo_5_0_ 
    from
        empleado empleado0_ 
    where
        empleado0_.disponible=true 
        and empleado0_.id_tipo_empleado=1
2018-02-07 15:01:08.986 DEBUG 10884 --- [pool-3-thread-1] org.hibernate.SQL                        : 
    select
        tipoemplea0_.id as id1_2_0_,
        tipoemplea0_.descripcion as descripc2_2_0_,
        empleados1_.id_tipo_empleado as id_tipo_5_0_1_,
        empleados1_.id as id1_0_1_,
        empleados1_.id as id1_0_2_,
        empleados1_.apellidos as apellido2_0_2_,
        empleados1_.disponible as disponib3_0_2_,
        empleados1_.nombres as nombres4_0_2_,
        empleados1_.id_tipo_empleado as id_tipo_5_0_2_,
        llamadas2_.id_empleado as id_emple4_1_3_,
        llamadas2_.id as id1_1_3_,
        llamadas2_.id as id1_1_4_,
        llamadas2_.duracion as duracion2_1_4_,
        llamadas2_.id_empleado as id_emple4_1_4_,
        llamadas2_.fecha as fecha3_1_4_ 
    from
        tipo_empleado tipoemplea0_ 
    left outer join
        empleado empleados1_ 
            on tipoemplea0_.id=empleados1_.id_tipo_empleado 
    left outer join
        llamadas llamadas2_ 
            on empleados1_.id=llamadas2_.id_empleado 
    where
        tipoemplea0_.id=?
2018-02-07 15:01:29.697 DEBUG 10884 --- [pool-3-thread-1] org.hibernate.SQL                        : 
    select
        empleado0_.id as id1_0_0_,
        empleado0_.apellidos as apellido2_0_0_,
        empleado0_.disponible as disponib3_0_0_,
        empleado0_.nombres as nombres4_0_0_,
        empleado0_.id_tipo_empleado as id_tipo_5_0_0_ 
    from
        empleado empleado0_ 
    where
        empleado0_.id=?
2018-02-07 15:01:29.721 DEBUG 10884 --- [pool-3-thread-1] org.hibernate.SQL                        : 
    select
        tipoemplea0_.id as id1_2_0_,
        tipoemplea0_.descripcion as descripc2_2_0_ 
    from
        tipo_empleado tipoemplea0_ 
    where
        tipoemplea0_.id=?
2018-02-07 15:01:29.741 DEBUG 10884 --- [pool-3-thread-1] org.hibernate.SQL                        : 
    select
        empleados0_.id_tipo_empleado as id_tipo_5_0_0_,
        empleados0_.id as id1_0_0_,
        empleados0_.id as id1_0_1_,
        empleados0_.apellidos as apellido2_0_1_,
        empleados0_.disponible as disponib3_0_1_,
        empleados0_.nombres as nombres4_0_1_,
        empleados0_.id_tipo_empleado as id_tipo_5_0_1_ 
    from
        empleado empleados0_ 
    where
        empleados0_.id_tipo_empleado=?
2018-02-07 15:01:29.756 DEBUG 10884 --- [pool-3-thread-1] org.hibernate.SQL                        : 
    select
        llamadas0_.id_empleado as id_emple4_1_0_,
        llamadas0_.id as id1_1_0_,
        llamadas0_.id as id1_1_1_,
        llamadas0_.duracion as duracion2_1_1_,
        llamadas0_.id_empleado as id_emple4_1_1_,
        llamadas0_.fecha as fecha3_1_1_ 
    from
        llamadas llamadas0_ 
    where
        llamadas0_.id_empleado=?
2018-02-07 15:01:29.762 DEBUG 10884 --- [pool-3-thread-1] org.hibernate.SQL                        : 
    select
        llamadas0_.id_empleado as id_emple4_1_0_,
        llamadas0_.id as id1_1_0_,
        llamadas0_.id as id1_1_1_,
        llamadas0_.duracion as duracion2_1_1_,
        llamadas0_.id_empleado as id_emple4_1_1_,
        llamadas0_.fecha as fecha3_1_1_ 
    from
        llamadas llamadas0_ 
    where
        llamadas0_.id_empleado=?
2018-02-07 15:01:29.766 DEBUG 10884 --- [pool-3-thread-1] org.hibernate.SQL                        : 
    select
        llamadas0_.id_empleado as id_emple4_1_0_,
        llamadas0_.id as id1_1_0_,
        llamadas0_.id as id1_1_1_,
        llamadas0_.duracion as duracion2_1_1_,
        llamadas0_.id_empleado as id_emple4_1_1_,
        llamadas0_.fecha as fecha3_1_1_ 
    from
        llamadas llamadas0_ 
    where
        llamadas0_.id_empleado=?
2018-02-07 15:01:29.769 DEBUG 10884 --- [pool-3-thread-1] org.hibernate.SQL                        : 
    select
        llamadas0_.id_empleado as id_emple4_1_0_,
        llamadas0_.id as id1_1_0_,
        llamadas0_.id as id1_1_1_,
        llamadas0_.duracion as duracion2_1_1_,
        llamadas0_.id_empleado as id_emple4_1_1_,
        llamadas0_.fecha as fecha3_1_1_ 
    from
        llamadas llamadas0_ 
    where
        llamadas0_.id_empleado=?
2018-02-07 15:01:29.773 DEBUG 10884 --- [pool-3-thread-1] org.hibernate.SQL                        : 
    select
        llamadas0_.id_empleado as id_emple4_1_0_,
        llamadas0_.id as id1_1_0_,
        llamadas0_.id as id1_1_1_,
        llamadas0_.duracion as duracion2_1_1_,
        llamadas0_.id_empleado as id_emple4_1_1_,
        llamadas0_.fecha as fecha3_1_1_ 
    from
        llamadas llamadas0_ 
    where
        llamadas0_.id_empleado=?
2018-02-07 15:01:29.777 DEBUG 10884 --- [pool-3-thread-1] org.hibernate.SQL                        : 
    select
        llamadas0_.id_empleado as id_emple4_1_0_,
        llamadas0_.id as id1_1_0_,
        llamadas0_.id as id1_1_1_,
        llamadas0_.duracion as duracion2_1_1_,
        llamadas0_.id_empleado as id_emple4_1_1_,
        llamadas0_.fecha as fecha3_1_1_ 
    from
        llamadas llamadas0_ 
    where
        llamadas0_.id_empleado=?
2018-02-07 15:01:29.780 DEBUG 10884 --- [pool-3-thread-1] org.hibernate.SQL                        : 
    select
        llamadas0_.id_empleado as id_emple4_1_0_,
        llamadas0_.id as id1_1_0_,
        llamadas0_.id as id1_1_1_,
        llamadas0_.duracion as duracion2_1_1_,
        llamadas0_.id_empleado as id_emple4_1_1_,
        llamadas0_.fecha as fecha3_1_1_ 
    from
        llamadas llamadas0_ 
    where
        llamadas0_.id_empleado=?
2018-02-07 15:01:29.783 DEBUG 10884 --- [pool-3-thread-1] org.hibernate.SQL                        : 
    select
        llamadas0_.id_empleado as id_emple4_1_0_,
        llamadas0_.id as id1_1_0_,
        llamadas0_.id as id1_1_1_,
        llamadas0_.duracion as duracion2_1_1_,
        llamadas0_.id_empleado as id_emple4_1_1_,
        llamadas0_.fecha as fecha3_1_1_ 
    from
        llamadas llamadas0_ 
    where
        llamadas0_.id_empleado=?
2018-02-07 15:01:29.923 DEBUG 10884 --- [pool-3-thread-1] org.hibernate.SQL                        : 
    update
        empleado 
    set
        apellidos=?,
        disponible=?,
        nombres=?,
        id_tipo_empleado=? 
    where
        id=?
2018-02-07 15:02:05.521 DEBUG 10884 --- [pool-3-thread-1] org.hibernate.SQL                        : 
    insert 
    into
        llamadas
        (duracion, id_empleado, fecha) 
    values
        (?, ?, ?)
